<?xml version='1.0' encoding='UTF-8'?>
<testsuite hostname="localAdmins-MacBook-Pro-4.local" name="example.MapSpec" tests="22" errors="0" failures="0" skipped="0" time="0.048">
                     <properties>
[...]
</properties>
                     <testcase classname="example.MapSpec" name="A Map when initialized  should use shorthand notation" time="0.022">
                                                 
                                               </testcase><testcase classname="example.MapSpec" name="A Map when initialized  should allow access to a value with apply method when the key is defined" time="0.0">
                                                 
                                               </testcase><testcase classname="example.MapSpec" name="A Map when initialized  should throw an exception when using apply if element is not found" time="0.004">
                                                 
                                               </testcase><testcase classname="example.MapSpec" name="A Map when initialized  should allow values to be accessed directly" time="0.0">
                                                 
                                               </testcase><testcase classname="example.MapSpec" name="A Map when initialized  should throw exception when values are accessed directly for a key that does not exist" time="0.001">
                                                 
                                               </testcase><testcase classname="example.MapSpec" name="A Map when initialized  should safely retrieve value to Option[_] when using get method" time="0.0">
                                                 
                                               </testcase><testcase classname="example.MapSpec" name="A Map when initialized  should retrieve nothing when accessing non-existing key using get method" time="0.0">
                                                 
                                               </testcase><testcase classname="example.MapSpec" name="A Map when initialized  should return corresponding value if a key exists using getOrElse" time="0.001">
                                                 
                                               </testcase><testcase classname="example.MapSpec" name="A Map when initialized  should provide a default if particular key does not exist using getOrElse" time="0.001">
                                                 
                                               </testcase><testcase classname="example.MapSpec" name="A Map when initialized  should allow one fallback value when accessing a key that does not exist when defining the Map using withDefaultValue" time="0.0">
                                                 
                                               </testcase><testcase classname="example.MapSpec" name="A Map when initialized  should allow accessing its size by using the size method" time="0.001">
                                                 
                                               </testcase><testcase classname="example.MapSpec" name="A Map when initialized  should take the latest value in case a key is defined twice" time="0.0">
                                                 
                                               </testcase><testcase classname="example.MapSpec" name="A Map when initialized  should check for the existence of a key using contains method" time="0.004">
                                                 
                                               </testcase><testcase classname="example.MapSpec" name="A Map when initialized  should add keys with the + operator" time="0.0">
                                                 
                                               </testcase><testcase classname="example.MapSpec" name="A Map when initialized  should remove can remove individual key with - operator" time="0.0">
                                                 
                                               </testcase><testcase classname="example.MapSpec" name="A Map when initialized  should remove multiple keys using - operator" time="0.001">
                                                 
                                               </testcase><testcase classname="example.MapSpec" name="A Map when initialized  should remove a list of keys using -- operator" time="0.001">
                                                 
                                               </testcase><testcase classname="example.MapSpec" name="A Map when initialized  should allow concatenation using ++ operator" time="0.0">
                                                 
                                               </testcase><testcase classname="example.MapSpec" name="A Map when initialized  should provide a list of all values when values is invoked on it" time="0.009">
                                                 
                                               </testcase><testcase classname="example.MapSpec" name="A Map when provide a List of all keys when keys is invoked" time="0.001">
                                                 
                                               </testcase><testcase classname="example.MapSpec" name="A Map when provide a Set of keys when using keySet method" time="0.002">
                                                 
                                               </testcase><testcase classname="example.MapSpec" name="A Map when be deeply equal to another map with the same keys and values" time="0.0">
                                                 
                                               </testcase>
                     <system-out></system-out>
                     <system-err></system-err>
                   </testsuite>