<?xml version='1.0' encoding='UTF-8'?>
<testsuite hostname="localAdmins-MacBook-Pro-4.local" name="example.SetSpec" tests="16" errors="0" failures="0" skipped="0" time="0.032">
                     <properties>
[...]
</properties>
                     <testcase classname="example.SetSpec" name="A Set should contain distinct values" time="0.022">
                                                 
                                               </testcase><testcase classname="example.SetSpec" name="A Set should tell us its size" time="0.0">
                                                 
                                               </testcase><testcase classname="example.SetSpec" name="A Set should allow adding of elements using +" time="0.0">
                                                 
                                               </testcase><testcase classname="example.SetSpec" name="A Set should allow for use a contains function" time="0.001">
                                                 
                                               </testcase><testcase classname="example.SetSpec" name="A Set should allow for checking for member" time="0.0">
                                                 
                                               </testcase><testcase classname="example.SetSpec" name="A Set should allow removing one element with -" time="0.0">
                                                 
                                               </testcase><testcase classname="example.SetSpec" name="A Set should allow removing multiple elements with -" time="0.0">
                                                 
                                               </testcase><testcase classname="example.SetSpec" name="A Set should allow removing multiple elements using --" time="0.0">
                                                 
                                               </testcase><testcase classname="example.SetSpec" name="A Set should not throw error when removing non-existant elements" time="0.0">
                                                 
                                               </testcase><testcase classname="example.SetSpec" name="A Set should support intersect operation" time="0.0">
                                                 
                                               </testcase><testcase classname="example.SetSpec" name="A Set should support intersect operation using &amp; operator" time="0.0">
                                                 
                                               </testcase><testcase classname="example.SetSpec" name="A Set should support union operation" time="0.001">
                                                 
                                               </testcase><testcase classname="example.SetSpec" name="A Set should support union operation using | operator" time="0.0">
                                                 
                                               </testcase><testcase classname="example.SetSpec" name="A Set should allow checking if another Set is a subsetOf current Set" time="0.001">
                                                 
                                               </testcase><testcase classname="example.SetSpec" name="A Set should allow computing difference between 2 Sets" time="0.0">
                                                 
                                               </testcase><testcase classname="example.SetSpec" name="A Set should allow computing difference between 2 Sets using shorthand operator &amp;~" time="0.007">
                                                 
                                               </testcase>
                     <system-out></system-out>
                     <system-err></system-err>
                   </testsuite>